"Severity","ThreadID","Date","Time","Application","Message"
"ERROR","web-0","02/22/2013","02:45:59","","Page /_admin.cfm [/var/www-code/_admin.cfm] not found
	at railo.runtime.PageSourceImpl.loadPage(PageSourceImpl.java:846):846
	at railo.runtime.PageContextImpl.doInclude(PageContextImpl.java:795):795
	at railo.runtime.PageContextImpl.doInclude(PageContextImpl.java:751):751
	at railo.runtime.listener.ClassicAppListener._onRequest(ClassicAppListener.java:35):35
	at railo.runtime.listener.MixedAppListener.onRequest(MixedAppListener.java:24):24
	at railo.runtime.PageContextImpl.execute(PageContextImpl.java:2035):2035
	at railo.runtime.PageContextImpl.execute(PageContextImpl.java:2002):2002
	at railo.runtime.engine.CFMLEngineImpl.serviceCFML(CFMLEngineImpl.java:297):297
	at railo.loader.servlet.CFMLServlet.service(CFMLServlet.java:32):32
	at javax.servlet.http.HttpServlet.service(HttpServlet.java:722):722
	at org.apache.catalina.core.ApplicationFilterChain.internalDoFilter(ApplicationFilterChain.java:305):305
	at org.apache.catalina.core.ApplicationFilterChain.doFilter(ApplicationFilterChain.java:210):210
	at org.apache.catalina.core.StandardWrapperValve.invoke(StandardWrapperValve.java:224):224
	at org.apache.catalina.core.StandardContextValve.invoke(StandardContextValve.java:169):169
	at org.apache.catalina.authenticator.AuthenticatorBase.invoke(AuthenticatorBase.java:472):472
	at org.apache.catalina.core.StandardHostValve.invoke(StandardHostValve.java:168):168
	at org.apache.catalina.valves.ErrorReportValve.invoke(ErrorReportValve.java:98):98
	at org.apache.catalina.core.StandardEngineValve.invoke(StandardEngineValve.java:118):118
	at org.apache.catalina.connector.CoyoteAdapter.service(CoyoteAdapter.java:407):407
	at org.apache.coyote.http11.AbstractHttp11Processor.process(AbstractHttp11Processor.java:987):987
	at org.apache.coyote.AbstractProtocol$AbstractConnectionHandler.process(AbstractProtocol.java:579):579
	at org.apache.tomcat.util.net.JIoEndpoint$SocketProcessor.run(JIoEndpoint.java:307):307
	at java.util.concurrent.ThreadPoolExecutor.runWorker(ThreadPoolExecutor.java:1146):1146
	at java.util.concurrent.ThreadPoolExecutor$Worker.run(ThreadPoolExecutor.java:615):615
	at java.lang.Thread.run(Thread.java:679):679
"
"ERROR","web-0","02/22/2013","16:39:32","","Page /_admin.cfm [/var/www-code/_admin.cfm] not found
	at railo.runtime.PageSourceImpl.loadPage(PageSourceImpl.java:846):846
	at railo.runtime.PageContextImpl.doInclude(PageContextImpl.java:795):795
	at railo.runtime.PageContextImpl.doInclude(PageContextImpl.java:751):751
	at railo.runtime.listener.ClassicAppListener._onRequest(ClassicAppListener.java:35):35
	at railo.runtime.listener.MixedAppListener.onRequest(MixedAppListener.java:24):24
	at railo.runtime.PageContextImpl.execute(PageContextImpl.java:2035):2035
	at railo.runtime.PageContextImpl.execute(PageContextImpl.java:2002):2002
	at railo.runtime.engine.CFMLEngineImpl.serviceCFML(CFMLEngineImpl.java:297):297
	at railo.loader.servlet.CFMLServlet.service(CFMLServlet.java:32):32
	at javax.servlet.http.HttpServlet.service(HttpServlet.java:722):722
	at org.apache.catalina.core.ApplicationFilterChain.internalDoFilter(ApplicationFilterChain.java:305):305
	at org.apache.catalina.core.ApplicationFilterChain.doFilter(ApplicationFilterChain.java:210):210
	at org.apache.catalina.core.StandardWrapperValve.invoke(StandardWrapperValve.java:224):224
	at org.apache.catalina.core.StandardContextValve.invoke(StandardContextValve.java:169):169
	at org.apache.catalina.authenticator.AuthenticatorBase.invoke(AuthenticatorBase.java:472):472
	at org.apache.catalina.core.StandardHostValve.invoke(StandardHostValve.java:168):168
	at org.apache.catalina.valves.ErrorReportValve.invoke(ErrorReportValve.java:98):98
	at org.apache.catalina.core.StandardEngineValve.invoke(StandardEngineValve.java:118):118
	at org.apache.catalina.connector.CoyoteAdapter.service(CoyoteAdapter.java:407):407
	at org.apache.coyote.ajp.AjpProcessor.process(AjpProcessor.java:200):200
	at org.apache.coyote.AbstractProtocol$AbstractConnectionHandler.process(AbstractProtocol.java:579):579
	at org.apache.tomcat.util.net.JIoEndpoint$SocketProcessor.run(JIoEndpoint.java:307):307
	at java.util.concurrent.ThreadPoolExecutor.runWorker(ThreadPoolExecutor.java:1146):1146
	at java.util.concurrent.ThreadPoolExecutor$Worker.run(ThreadPoolExecutor.java:615):615
	at java.lang.Thread.run(Thread.java:679):679
"
